{"numTotalTestSuites":2,"numPassedTestSuites":2,"numFailedTestSuites":0,"numPendingTestSuites":0,"numTotalTests":2,"numPassedTests":1,"numFailedTests":1,"numPendingTests":0,"numTodoTests":0,"snapshot":{"added":0,"failure":false,"filesAdded":0,"filesRemoved":0,"filesRemovedList":[],"filesUnmatched":0,"filesUpdated":0,"matched":0,"total":0,"unchecked":0,"uncheckedKeysByFile":[],"unmatched":0,"updated":0,"didUpdate":false},"startTime":1721407735867,"success":false,"testResults":[{"assertionResults":[{"ancestorTitles":["ExtendedMap Test Suite"],"fullName":"ExtendedMap Test Suite should fail","status":"failed","title":"should fail","duration":3,"failureMessages":["AssertionError: expected 4 to be 5 // Object.is equality\n    at /Users/bingles/code/tools/vscode-deephaven/src/util/ExtendedMap.spec.ts:6:15\n    at file:///Users/bingles/code/tools/vscode-deephaven/node_modules/@vitest/runner/dist/index.js:146:14\n    at file:///Users/bingles/code/tools/vscode-deephaven/node_modules/@vitest/runner/dist/index.js:61:7\n    at runTest (file:///Users/bingles/code/tools/vscode-deephaven/node_modules/@vitest/runner/dist/index.js:939:17)\n    at processTicksAndRejections (node:internal/process/task_queues:95:5)\n    at runSuite (file:///Users/bingles/code/tools/vscode-deephaven/node_modules/@vitest/runner/dist/index.js:1095:15)\n    at runSuite (file:///Users/bingles/code/tools/vscode-deephaven/node_modules/@vitest/runner/dist/index.js:1095:15)\n    at runFiles (file:///Users/bingles/code/tools/vscode-deephaven/node_modules/@vitest/runner/dist/index.js:1152:5)\n    at startTests (file:///Users/bingles/code/tools/vscode-deephaven/node_modules/@vitest/runner/dist/index.js:1161:3)\n    at file:///Users/bingles/code/tools/vscode-deephaven/node_modules/vitest/dist/chunks/runtime-runBaseTests.hkIOeriM.js:122:11"],"meta":{}},{"ancestorTitles":["ExtendedMap Test Suite"],"fullName":"ExtendedMap Test Suite getOrThrow","status":"passed","title":"getOrThrow","duration":1,"failureMessages":[],"meta":{}}],"startTime":1721407736055,"endTime":1721407736059,"status":"failed","message":"","name":"/Users/bingles/code/tools/vscode-deephaven/src/util/ExtendedMap.spec.ts"}]}